<?xml version="1.0" encoding="UTF-8"?>
<testng-results ignored="0" total="1" passed="1" failed="0" skipped="0">
  <reporter-output>
  </reporter-output>
  <suite started-at="2024-10-23T07:52:53 IST" name="Default suite" finished-at="2024-10-23T07:53:04 IST" duration-ms="10691">
    <groups>
    </groups>
    <test started-at="2024-10-23T07:52:53 IST" name="Default test" finished-at="2024-10-23T07:53:04 IST" duration-ms="10691">
      <class name="com.mvn.MainTest">
        <test-method is-config="true" signature="loadBrowser()[pri:0, instance:com.mvn.MainTest@49e53c76]" started-at="2024-10-23T07:52:53 IST" name="loadBrowser" finished-at="2024-10-23T07:53:03 IST" duration-ms="10231" status="PASS">
          <reporter-output>
          </reporter-output>
        </test-method> <!-- loadBrowser -->
        <test-method signature="test1()[pri:0, instance:com.mvn.MainTest@49e53c76]" started-at="2024-10-23T07:53:03 IST" name="test1" finished-at="2024-10-23T07:53:03 IST" duration-ms="0" status="PASS">
          <reporter-output>
          </reporter-output>
        </test-method> <!-- test1 -->
        <test-method is-config="true" signature="quitBrowser()[pri:0, instance:com.mvn.MainTest@49e53c76]" started-at="2024-10-23T07:53:03 IST" name="quitBrowser" finished-at="2024-10-23T07:53:04 IST" duration-ms="406" status="PASS">
          <reporter-output>
          </reporter-output>
        </test-method> <!-- quitBrowser -->
      </class> <!-- com.mvn.MainTest -->
    </test> <!-- Default test -->
  </suite> <!-- Default suite -->
</testng-results>
